<?xml version="1.0" encoding="UTF-8"?>
<testsuite name="MarkdownTest" tests="1" skipped="0" failures="0" errors="0" timestamp="2020-03-28T01:01:44" hostname="kitabataketatsuyanoMacBook-puro.local" time="0.013">
  <properties/>
  <testcase name="normalTextAsAParagraph" classname="MarkdownTest" time="0.013"/>
  <system-out><![CDATA[]]></system-out>
  <system-err><![CDATA[]]></system-err>
</testsuite>
