<?xml version="1.0" encoding="UTF-8"?>
<testsuite name="MarkdownTest" tests="1" skipped="0" failures="0" errors="0" timestamp="2019-05-02T11:06:38" hostname="kitabataketatsuyanoMacBook-puro.local" time="0.03">
  <properties/>
  <testcase name="markdownUnorderedListsCloseProperlyWithPrecedingAndFollowingLines" classname="MarkdownTest" time="0.03"/>
  <system-out><![CDATA[<h1>Start a list</h1>
<li>Item 1</li>
<li>Item 2</li>
<p>End a list</p>
activeList!!!!
]]></system-out>
  <system-err><![CDATA[]]></system-err>
</testsuite>
