<?xml version="1.0" encoding="UTF-8"?>
<testsuite name="TwoferTest" tests="3" skipped="0" failures="0" errors="0" timestamp="2020-02-27T09:37:56" hostname="kitabataketatsuyanoMacBook-puro.local" time="0.007">
  <properties/>
  <testcase name="noNameGiven" classname="TwoferTest" time="0.006"/>
  <testcase name="aNameGiven" classname="TwoferTest" time="0.0"/>
  <testcase name="anotherNameGiven" classname="TwoferTest" time="0.0"/>
  <system-out><![CDATA[]]></system-out>
  <system-err><![CDATA[]]></system-err>
</testsuite>
